[debug] [2022-10-23T00:08:59.276Z] ----------------------------------------------------------------------
[debug] [2022-10-23T00:08:59.278Z] Command:       C:\Program Files\nodejs\node.exe C:\Users\Viki\AppData\Roaming\npm\node_modules\firebase-tools\lib\bin\firebase.js init
[debug] [2022-10-23T00:08:59.278Z] CLI Version:   11.15.0
[debug] [2022-10-23T00:08:59.279Z] Platform:      win32
[debug] [2022-10-23T00:08:59.279Z] Node Version:  v16.13.1
[debug] [2022-10-23T00:08:59.279Z] Time:          Sun Oct 23 2022 03:08:59 GMT+0300 (Восточная Европа, летнее время)
[debug] [2022-10-23T00:08:59.280Z] ----------------------------------------------------------------------
[debug] 
[debug] [2022-10-23T00:08:59.286Z] > command requires scopes: ["email","openid","https://www.googleapis.com/auth/cloudplatformprojects.readonly","https://www.googleapis.com/auth/firebase","https://www.googleapis.com/auth/cloud-platform"]
[debug] [2022-10-23T00:08:59.287Z] > authorizing via signed-in user (valera.sheva@gmail.com)
[info] 
     ######## #### ########  ######## ########     ###     ######  ########
     ##        ##  ##     ## ##       ##     ##  ##   ##  ##       ##
     ######    ##  ########  ######   ########  #########  ######  ######
     ##        ##  ##    ##  ##       ##     ## ##     ##       ## ##
     ##       #### ##     ## ######## ########  ##     ##  ######  ########

You're about to initialize a Firebase project in this directory:

  C:\Users\Viki\Documents\linkedin-clone

[info] 
=== Project Setup
[info] 
[info] First, let's associate this project directory with a Firebase project.
[info] You can create multiple project aliases by running firebase use --add, 
[info] but for now we'll just set up a default project.
[info] 
[debug] [2022-10-23T00:10:11.153Z] > refreshing access token with scopes: []
[debug] [2022-10-23T00:10:11.155Z] >>> [apiv2][query] POST https://www.googleapis.com/oauth2/v3/token [none]
[debug] [2022-10-23T00:10:11.156Z] >>> [apiv2][body] POST https://www.googleapis.com/oauth2/v3/token [omitted]
[debug] [2022-10-23T00:10:11.352Z] <<< [apiv2][status] POST https://www.googleapis.com/oauth2/v3/token 200
[debug] [2022-10-23T00:10:11.352Z] <<< [apiv2][body] POST https://www.googleapis.com/oauth2/v3/token [omitted]
[debug] [2022-10-23T00:10:11.364Z] >>> [apiv2][query] GET https://firebase.googleapis.com/v1beta1/projects pageSize=100
[debug] [2022-10-23T00:10:12.384Z] <<< [apiv2][status] GET https://firebase.googleapis.com/v1beta1/projects 200
[debug] [2022-10-23T00:10:12.384Z] <<< [apiv2][body] GET https://firebase.googleapis.com/v1beta1/projects [omitted]
